[I:\OneDrive\PROJECTS\STEF2\_EF2-GAME-SOURCE]
Deleted directory: I:\OneDrive\PROJECTS\STEF2\_EF2-GAME-SOURCE\.vs

[I:\OneDrive\PROJECTS\STEF2\_EF2-GAME-SOURCE\.vs\EF2-game-source\v17]
Deleted file: I:\OneDrive\PROJECTS\STEF2\_EF2-GAME-SOURCE\.vs\EF2-game-source\v17\.suo

[I:\OneDrive\PROJECTS\STEF2\_EF2-GAME-SOURCE\dlls]
Deleted directory: I:\OneDrive\PROJECTS\STEF2\_EF2-GAME-SOURCE\dlls\Debug

[I:\OneDrive\PROJECTS\STEF2\_EF2-GAME-SOURCE\dlls\Debug]
Deleted file: I:\OneDrive\PROJECTS\STEF2\_EF2-GAME-SOURCE\dlls\Debug\gamex86.lib
Deleted file: I:\OneDrive\PROJECTS\STEF2\_EF2-GAME-SOURCE\dlls\Debug\gamex86.exp
Deleted file: I:\OneDrive\PROJECTS\STEF2\_EF2-GAME-SOURCE\dlls\Debug\game.pdb

[I:\OneDrive\PROJECTS\STEF2\_EF2-GAME-SOURCE\dlls\game]
Deleted directory: I:\OneDrive\PROJECTS\STEF2\_EF2-GAME-SOURCE\dlls\game\Debug

[I:\OneDrive\PROJECTS\STEF2\_EF2-GAME-SOURCE\dlls\game\Debug]
Deleted file: I:\OneDrive\PROJECTS\STEF2\_EF2-GAME-SOURCE\dlls\game\Debug\actor.sbr
Deleted file: I:\OneDrive\PROJECTS\STEF2\_EF2-GAME-SOURCE\dlls\game\Debug\actorgamecomponents.sbr
Deleted file: I:\OneDrive\PROJECTS\STEF2\_EF2-GAME-SOURCE\dlls\game\Debug\actorstrategies.sbr
Deleted file: I:\OneDrive\PROJECTS\STEF2\_EF2-GAME-SOURCE\dlls\game\Debug\actorutil.sbr
Deleted file: I:\OneDrive\PROJECTS\STEF2\_EF2-GAME-SOURCE\dlls\game\Debug\actor_combatsubsystem.sbr
Deleted file: I:\OneDrive\PROJECTS\STEF2\_EF2-GAME-SOURCE\dlls\game\Debug\actor_enemymanager.sbr
Deleted file: I:\OneDrive\PROJECTS\STEF2\_EF2-GAME-SOURCE\dlls\game\Debug\actor_headwatcher.sbr
Deleted file: I:\OneDrive\PROJECTS\STEF2\_EF2-GAME-SOURCE\dlls\game\Debug\actor_locomotion.sbr
Deleted file: I:\OneDrive\PROJECTS\STEF2\_EF2-GAME-SOURCE\dlls\game\Debug\actor_posturecontroller.sbr
Deleted file: I:\OneDrive\PROJECTS\STEF2\_EF2-GAME-SOURCE\dlls\game\Debug\actor_sensoryperception.sbr
Deleted file: I:\OneDrive\PROJECTS\STEF2\_EF2-GAME-SOURCE\dlls\game\Debug\ai_chat.sbr
Deleted file: I:\OneDrive\PROJECTS\STEF2\_EF2-GAME-SOURCE\dlls\game\Debug\ai_cmd.sbr
Deleted file: I:\OneDrive\PROJECTS\STEF2\_EF2-GAME-SOURCE\dlls\game\Debug\ai_dmnet.sbr
Deleted file: I:\OneDrive\PROJECTS\STEF2\_EF2-GAME-SOURCE\dlls\game\Debug\ai_dmq3.sbr
Deleted file: I:\OneDrive\PROJECTS\STEF2\_EF2-GAME-SOURCE\dlls\game\Debug\ai_main.sbr
Deleted file: I:\OneDrive\PROJECTS\STEF2\_EF2-GAME-SOURCE\dlls\game\Debug\ai_team.sbr
Deleted file: I:\OneDrive\PROJECTS\STEF2\_EF2-GAME-SOURCE\dlls\game\Debug\ai_vcmd.sbr
Deleted file: I:\OneDrive\PROJECTS\STEF2\_EF2-GAME-SOURCE\dlls\game\Debug\ammo.sbr
Deleted file: I:\OneDrive\PROJECTS\STEF2\_EF2-GAME-SOURCE\dlls\game\Debug\animate.sbr
Deleted file: I:\OneDrive\PROJECTS\STEF2\_EF2-GAME-SOURCE\dlls\game\Debug\api_stef2.sbr
Deleted file: I:\OneDrive\PROJECTS\STEF2\_EF2-GAME-SOURCE\dlls\game\Debug\archive.sbr
Deleted file: I:\OneDrive\PROJECTS\STEF2\_EF2-GAME-SOURCE\dlls\game\Debug\armor.sbr
Deleted file: I:\OneDrive\PROJECTS\STEF2\_EF2-GAME-SOURCE\dlls\game\Debug\beam.sbr
Deleted file: I:\OneDrive\PROJECTS\STEF2\_EF2-GAME-SOURCE\dlls\game\Debug\behavior.sbr
Deleted file: I:\OneDrive\PROJECTS\STEF2\_EF2-GAME-SOURCE\dlls\game\Debug\behaviors_general.sbr
Deleted file: I:\OneDrive\PROJECTS\STEF2\_EF2-GAME-SOURCE\dlls\game\Debug\behaviors_specific.sbr
Deleted file: I:\OneDrive\PROJECTS\STEF2\_EF2-GAME-SOURCE\dlls\game\Debug\bg_misc.sbr
Deleted file: I:\OneDrive\PROJECTS\STEF2\_EF2-GAME-SOURCE\dlls\game\Debug\bg_pmove.sbr
Deleted file: I:\OneDrive\PROJECTS\STEF2\_EF2-GAME-SOURCE\dlls\game\Debug\body.sbr
Deleted file: I:\OneDrive\PROJECTS\STEF2\_EF2-GAME-SOURCE\dlls\game\Debug\bspline.sbr
Deleted file: I:\OneDrive\PROJECTS\STEF2\_EF2-GAME-SOURCE\dlls\game\Debug\camera.sbr
Deleted file: I:\OneDrive\PROJECTS\STEF2\_EF2-GAME-SOURCE\dlls\game\Debug\CameraPath.sbr
Deleted file: I:\OneDrive\PROJECTS\STEF2\_EF2-GAME-SOURCE\dlls\game\Debug\changePosture.sbr
Deleted file: I:\OneDrive\PROJECTS\STEF2\_EF2-GAME-SOURCE\dlls\game\Debug\characterstate.sbr
Deleted file: I:\OneDrive\PROJECTS\STEF2\_EF2-GAME-SOURCE\dlls\game\Debug\CinematicArmature.sbr
Deleted file: I:\OneDrive\PROJECTS\STEF2\_EF2-GAME-SOURCE\dlls\game\Debug\class.sbr
Deleted file: I:\OneDrive\PROJECTS\STEF2\_EF2-GAME-SOURCE\dlls\game\Debug\closeInOnEnemy.sbr
Deleted file: I:\OneDrive\PROJECTS\STEF2\_EF2-GAME-SOURCE\dlls\game\Debug\closeInOnEnemyWhileFiringWeapon.sbr
Deleted file: I:\OneDrive\PROJECTS\STEF2\_EF2-GAME-SOURCE\dlls\game\Debug\closeInOnPlayer.sbr
Deleted file: I:\OneDrive\PROJECTS\STEF2\_EF2-GAME-SOURCE\dlls\game\Debug\compiler.sbr
Deleted file: I:\OneDrive\PROJECTS\STEF2\_EF2-GAME-SOURCE\dlls\game\Debug\corridorCombatWithRangedWeapon.sbr
Deleted file: I:\OneDrive\PROJECTS\STEF2\_EF2-GAME-SOURCE\dlls\game\Debug\coverCombatWithRangedWeapon.sbr
Deleted file: I:\OneDrive\PROJECTS\STEF2\_EF2-GAME-SOURCE\dlls\game\Debug\DamageModification.sbr
Deleted file: I:\OneDrive\PROJECTS\STEF2\_EF2-GAME-SOURCE\dlls\game\Debug\debuglines.sbr
Deleted file: I:\OneDrive\PROJECTS\STEF2\_EF2-GAME-SOURCE\dlls\game\Debug\decals.sbr
Deleted file: I:\OneDrive\PROJECTS\STEF2\_EF2-GAME-SOURCE\dlls\game\Debug\dispenser.sbr
Deleted file: I:\OneDrive\PROJECTS\STEF2\_EF2-GAME-SOURCE\dlls\game\Debug\doAttack.sbr
Deleted file: I:\OneDrive\PROJECTS\STEF2\_EF2-GAME-SOURCE\dlls\game\Debug\doors.sbr
Deleted file: I:\OneDrive\PROJECTS\STEF2\_EF2-GAME-SOURCE\dlls\game\Debug\earthquake.sbr
Deleted file: I:\OneDrive\PROJECTS\STEF2\_EF2-GAME-SOURCE\dlls\game\Debug\entity.sbr
Deleted file: I:\OneDrive\PROJECTS\STEF2\_EF2-GAME-SOURCE\dlls\game\Debug\equipment.sbr
Deleted file: I:\OneDrive\PROJECTS\STEF2\_EF2-GAME-SOURCE\dlls\game\Debug\explosion.sbr
Deleted file: I:\OneDrive\PROJECTS\STEF2\_EF2-GAME-SOURCE\dlls\game\Debug\FollowPath.sbr
Deleted file: I:\OneDrive\PROJECTS\STEF2\_EF2-GAME-SOURCE\dlls\game\Debug\FollowPathToEntity.sbr
Deleted file: I:\OneDrive\PROJECTS\STEF2\_EF2-GAME-SOURCE\dlls\game\Debug\FollowPathToPoint.sbr
Deleted file: I:\OneDrive\PROJECTS\STEF2\_EF2-GAME-SOURCE\dlls\game\Debug\game.sbr
Deleted file: I:\OneDrive\PROJECTS\STEF2\_EF2-GAME-SOURCE\dlls\game\Debug\gamecmds.sbr
Deleted file: I:\OneDrive\PROJECTS\STEF2\_EF2-GAME-SOURCE\dlls\game\Debug\gamecvars.sbr
Deleted file: I:\OneDrive\PROJECTS\STEF2\_EF2-GAME-SOURCE\dlls\game\Debug\gamefix.sbr
Deleted file: I:\OneDrive\PROJECTS\STEF2\_EF2-GAME-SOURCE\dlls\game\Debug\gameplaydatabase.sbr
Deleted file: I:\OneDrive\PROJECTS\STEF2\_EF2-GAME-SOURCE\dlls\game\Debug\gameplayformulamanager.sbr
Deleted file: I:\OneDrive\PROJECTS\STEF2\_EF2-GAME-SOURCE\dlls\game\Debug\gameplaymanager.sbr
Deleted file: I:\OneDrive\PROJECTS\STEF2\_EF2-GAME-SOURCE\dlls\game\Debug\gamescript.sbr
Deleted file: I:\OneDrive\PROJECTS\STEF2\_EF2-GAME-SOURCE\dlls\game\Debug\generalCombatWithMeleeWeapon.sbr
Deleted file: I:\OneDrive\PROJECTS\STEF2\_EF2-GAME-SOURCE\dlls\game\Debug\generalCombatWithRangedWeapon.sbr
Deleted file: I:\OneDrive\PROJECTS\STEF2\_EF2-GAME-SOURCE\dlls\game\Debug\gibs.sbr
Deleted file: I:\OneDrive\PROJECTS\STEF2\_EF2-GAME-SOURCE\dlls\game\Debug\globalcmd.sbr
Deleted file: I:\OneDrive\PROJECTS\STEF2\_EF2-GAME-SOURCE\dlls\game\Debug\GoDirectlyToPoint.sbr
Deleted file: I:\OneDrive\PROJECTS\STEF2\_EF2-GAME-SOURCE\dlls\game\Debug\goo.sbr
Deleted file: I:\OneDrive\PROJECTS\STEF2\_EF2-GAME-SOURCE\dlls\game\Debug\gotoCurrentHelperNode.sbr
Deleted file: I:\OneDrive\PROJECTS\STEF2\_EF2-GAME-SOURCE\dlls\game\Debug\gotoHelperNode.sbr
Deleted file: I:\OneDrive\PROJECTS\STEF2\_EF2-GAME-SOURCE\dlls\game\Debug\gotoHelperNodeEX.sbr
Deleted file: I:\OneDrive\PROJECTS\STEF2\_EF2-GAME-SOURCE\dlls\game\Debug\gotoHelperNodeNearestEnemy.sbr
Deleted file: I:\OneDrive\PROJECTS\STEF2\_EF2-GAME-SOURCE\dlls\game\Debug\gravpath.sbr
Deleted file: I:\OneDrive\PROJECTS\STEF2\_EF2-GAME-SOURCE\dlls\game\Debug\groupcoordinator.sbr
Deleted file: I:\OneDrive\PROJECTS\STEF2\_EF2-GAME-SOURCE\dlls\game\Debug\g_bot.sbr
Deleted file: I:\OneDrive\PROJECTS\STEF2\_EF2-GAME-SOURCE\dlls\game\Debug\g_main.sbr
Deleted file: I:\OneDrive\PROJECTS\STEF2\_EF2-GAME-SOURCE\dlls\game\Debug\g_phys.sbr
Deleted file: I:\OneDrive\PROJECTS\STEF2\_EF2-GAME-SOURCE\dlls\game\Debug\g_spawn.sbr
Deleted file: I:\OneDrive\PROJECTS\STEF2\_EF2-GAME-SOURCE\dlls\game\Debug\g_utils.sbr
Deleted file: I:\OneDrive\PROJECTS\STEF2\_EF2-GAME-SOURCE\dlls\game\Debug\healGroupMember.sbr
Deleted file: I:\OneDrive\PROJECTS\STEF2\_EF2-GAME-SOURCE\dlls\game\Debug\health.sbr
Deleted file: I:\OneDrive\PROJECTS\STEF2\_EF2-GAME-SOURCE\dlls\game\Debug\helper_node.sbr
Deleted file: I:\OneDrive\PROJECTS\STEF2\_EF2-GAME-SOURCE\dlls\game\Debug\holdPosition.sbr
Deleted file: I:\OneDrive\PROJECTS\STEF2\_EF2-GAME-SOURCE\dlls\game\Debug\interpreter.sbr
Deleted file: I:\OneDrive\PROJECTS\STEF2\_EF2-GAME-SOURCE\dlls\game\Debug\inventoryitem.sbr
Deleted file: I:\OneDrive\PROJECTS\STEF2\_EF2-GAME-SOURCE\dlls\game\Debug\ipfilter.sbr
Deleted file: I:\OneDrive\PROJECTS\STEF2\_EF2-GAME-SOURCE\dlls\game\Debug\item.sbr
Deleted file: I:\OneDrive\PROJECTS\STEF2\_EF2-GAME-SOURCE\dlls\game\Debug\level.sbr
Deleted file: I:\OneDrive\PROJECTS\STEF2\_EF2-GAME-SOURCE\dlls\game\Debug\lexer.sbr
Deleted file: I:\OneDrive\PROJECTS\STEF2\_EF2-GAME-SOURCE\dlls\game\Debug\light.sbr
Deleted file: I:\OneDrive\PROJECTS\STEF2\_EF2-GAME-SOURCE\dlls\game\Debug\listener.sbr
Deleted file: I:\OneDrive\PROJECTS\STEF2\_EF2-GAME-SOURCE\dlls\game\Debug\misc.sbr
Deleted file: I:\OneDrive\PROJECTS\STEF2\_EF2-GAME-SOURCE\dlls\game\Debug\mover.sbr
Deleted file: I:\OneDrive\PROJECTS\STEF2\_EF2-GAME-SOURCE\dlls\game\Debug\MoveRandomDirection.sbr
Deleted file: I:\OneDrive\PROJECTS\STEF2\_EF2-GAME-SOURCE\dlls\game\Debug\mp_awardsystem.sbr
Deleted file: I:\OneDrive\PROJECTS\STEF2\_EF2-GAME-SOURCE\dlls\game\Debug\mp_manager.sbr
Deleted file: I:\OneDrive\PROJECTS\STEF2\_EF2-GAME-SOURCE\dlls\game\Debug\mp_modeBase.sbr
Deleted file: I:\OneDrive\PROJECTS\STEF2\_EF2-GAME-SOURCE\dlls\game\Debug\mp_modeCtf.sbr
Deleted file: I:\OneDrive\PROJECTS\STEF2\_EF2-GAME-SOURCE\dlls\game\Debug\mp_modeDm.sbr
Deleted file: I:\OneDrive\PROJECTS\STEF2\_EF2-GAME-SOURCE\dlls\game\Debug\mp_modeTeamBase.sbr
Deleted file: I:\OneDrive\PROJECTS\STEF2\_EF2-GAME-SOURCE\dlls\game\Debug\mp_modeTeamDm.sbr
Deleted file: I:\OneDrive\PROJECTS\STEF2\_EF2-GAME-SOURCE\dlls\game\Debug\mp_modifiers.sbr
Deleted file: I:\OneDrive\PROJECTS\STEF2\_EF2-GAME-SOURCE\dlls\game\Debug\mp_team.sbr
Deleted file: I:\OneDrive\PROJECTS\STEF2\_EF2-GAME-SOURCE\dlls\game\Debug\nature.sbr
Deleted file: I:\OneDrive\PROJECTS\STEF2\_EF2-GAME-SOURCE\dlls\game\Debug\navigate.sbr
Deleted file: I:\OneDrive\PROJECTS\STEF2\_EF2-GAME-SOURCE\dlls\game\Debug\object.sbr
Deleted file: I:\OneDrive\PROJECTS\STEF2\_EF2-GAME-SOURCE\dlls\game\Debug\output.sbr
Deleted file: I:\OneDrive\PROJECTS\STEF2\_EF2-GAME-SOURCE\dlls\game\Debug\path.sbr
Deleted file: I:\OneDrive\PROJECTS\STEF2\_EF2-GAME-SOURCE\dlls\game\Debug\patrol.sbr
Deleted file: I:\OneDrive\PROJECTS\STEF2\_EF2-GAME-SOURCE\dlls\game\Debug\PlayAnim.sbr
Deleted file: I:\OneDrive\PROJECTS\STEF2\_EF2-GAME-SOURCE\dlls\game\Debug\player.sbr
Deleted file: I:\OneDrive\PROJECTS\STEF2\_EF2-GAME-SOURCE\dlls\game\Debug\playerheuristics.sbr
Deleted file: I:\OneDrive\PROJECTS\STEF2\_EF2-GAME-SOURCE\dlls\game\Debug\PlayerStart.sbr
Deleted file: I:\OneDrive\PROJECTS\STEF2\_EF2-GAME-SOURCE\dlls\game\Debug\player_combat.sbr
Deleted file: I:\OneDrive\PROJECTS\STEF2\_EF2-GAME-SOURCE\dlls\game\Debug\player_util.sbr
Deleted file: I:\OneDrive\PROJECTS\STEF2\_EF2-GAME-SOURCE\dlls\game\Debug\portal.sbr
Deleted file: I:\OneDrive\PROJECTS\STEF2\_EF2-GAME-SOURCE\dlls\game\Debug\powerups.sbr
Deleted file: I:\OneDrive\PROJECTS\STEF2\_EF2-GAME-SOURCE\dlls\game\Debug\program.sbr
Deleted file: I:\OneDrive\PROJECTS\STEF2\_EF2-GAME-SOURCE\dlls\game\Debug\puzzleobject.sbr
Deleted file: I:\OneDrive\PROJECTS\STEF2\_EF2-GAME-SOURCE\dlls\game\Debug\q_math.sbr
Deleted file: I:\OneDrive\PROJECTS\STEF2\_EF2-GAME-SOURCE\dlls\game\Debug\q_mathsys.sbr
Deleted file: I:\OneDrive\PROJECTS\STEF2\_EF2-GAME-SOURCE\dlls\game\Debug\q_shared.sbr
Deleted file: I:\OneDrive\PROJECTS\STEF2\_EF2-GAME-SOURCE\dlls\game\Debug\RageAI.sbr
Deleted file: I:\OneDrive\PROJECTS\STEF2\_EF2-GAME-SOURCE\dlls\game\Debug\rangedCombatWithWeapon.sbr
Deleted file: I:\OneDrive\PROJECTS\STEF2\_EF2-GAME-SOURCE\dlls\game\Debug\rotateToEntity.sbr
Deleted file: I:\OneDrive\PROJECTS\STEF2\_EF2-GAME-SOURCE\dlls\game\Debug\script.sbr
Deleted file: I:\OneDrive\PROJECTS\STEF2\_EF2-GAME-SOURCE\dlls\game\Debug\scriptmaster.sbr
Deleted file: I:\OneDrive\PROJECTS\STEF2\_EF2-GAME-SOURCE\dlls\game\Debug\scriptslave.sbr
Deleted file: I:\OneDrive\PROJECTS\STEF2\_EF2-GAME-SOURCE\dlls\game\Debug\scriptvariable.sbr
Deleted file: I:\OneDrive\PROJECTS\STEF2\_EF2-GAME-SOURCE\dlls\game\Debug\selectBestWeapon.sbr
Deleted file: I:\OneDrive\PROJECTS\STEF2\_EF2-GAME-SOURCE\dlls\game\Debug\sentient.sbr
Deleted file: I:\OneDrive\PROJECTS\STEF2\_EF2-GAME-SOURCE\dlls\game\Debug\shrapnelbomb.sbr
Deleted file: I:\OneDrive\PROJECTS\STEF2\_EF2-GAME-SOURCE\dlls\game\Debug\snipeEnemy.sbr
Deleted file: I:\OneDrive\PROJECTS\STEF2\_EF2-GAME-SOURCE\dlls\game\Debug\soundman.sbr
Deleted file: I:\OneDrive\PROJECTS\STEF2\_EF2-GAME-SOURCE\dlls\game\Debug\spawners.sbr
Deleted file: I:\OneDrive\PROJECTS\STEF2\_EF2-GAME-SOURCE\dlls\game\Debug\specialfx.sbr
Deleted file: I:\OneDrive\PROJECTS\STEF2\_EF2-GAME-SOURCE\dlls\game\Debug\stationaryFireCombat.sbr
Deleted file: I:\OneDrive\PROJECTS\STEF2\_EF2-GAME-SOURCE\dlls\game\Debug\stationaryFireCombatEX.sbr
Deleted file: I:\OneDrive\PROJECTS\STEF2\_EF2-GAME-SOURCE\dlls\game\Debug\stationaryvehicle.sbr
Deleted file: I:\OneDrive\PROJECTS\STEF2\_EF2-GAME-SOURCE\dlls\game\Debug\steering.sbr
Deleted file: I:\OneDrive\PROJECTS\STEF2\_EF2-GAME-SOURCE\dlls\game\Debug\str.sbr
Deleted file: I:\OneDrive\PROJECTS\STEF2\_EF2-GAME-SOURCE\dlls\game\Debug\suppressionFireCombat.sbr
Deleted file: I:\OneDrive\PROJECTS\STEF2\_EF2-GAME-SOURCE\dlls\game\Debug\talk.sbr
Deleted file: I:\OneDrive\PROJECTS\STEF2\_EF2-GAME-SOURCE\dlls\game\Debug\teammateroster.sbr
Deleted file: I:\OneDrive\PROJECTS\STEF2\_EF2-GAME-SOURCE\dlls\game\Debug\teleportToEntity.sbr
Deleted file: I:\OneDrive\PROJECTS\STEF2\_EF2-GAME-SOURCE\dlls\game\Debug\teleportToPosition.sbr
Deleted file: I:\OneDrive\PROJECTS\STEF2\_EF2-GAME-SOURCE\dlls\game\Debug\torsoAimAndFireWeapon.sbr
Deleted file: I:\OneDrive\PROJECTS\STEF2\_EF2-GAME-SOURCE\dlls\game\Debug\trigger.sbr
Deleted file: I:\OneDrive\PROJECTS\STEF2\_EF2-GAME-SOURCE\dlls\game\Debug\useAlarm.sbr
Deleted file: I:\OneDrive\PROJECTS\STEF2\_EF2-GAME-SOURCE\dlls\game\Debug\UseData.sbr
Deleted file: I:\OneDrive\PROJECTS\STEF2\_EF2-GAME-SOURCE\dlls\game\Debug\vehicle.sbr
Deleted file: I:\OneDrive\PROJECTS\STEF2\_EF2-GAME-SOURCE\dlls\game\Debug\viewthing.sbr
Deleted file: I:\OneDrive\PROJECTS\STEF2\_EF2-GAME-SOURCE\dlls\game\Debug\watchEntity.sbr
Deleted file: I:\OneDrive\PROJECTS\STEF2\_EF2-GAME-SOURCE\dlls\game\Debug\watchEntityEX.sbr
Deleted file: I:\OneDrive\PROJECTS\STEF2\_EF2-GAME-SOURCE\dlls\game\Debug\waypoints.sbr
Deleted file: I:\OneDrive\PROJECTS\STEF2\_EF2-GAME-SOURCE\dlls\game\Debug\weapon.sbr
Deleted file: I:\OneDrive\PROJECTS\STEF2\_EF2-GAME-SOURCE\dlls\game\Debug\WeaponDualWield.sbr
Deleted file: I:\OneDrive\PROJECTS\STEF2\_EF2-GAME-SOURCE\dlls\game\Debug\weaputils.sbr
Deleted file: I:\OneDrive\PROJECTS\STEF2\_EF2-GAME-SOURCE\dlls\game\Debug\win_bounds.sbr
Deleted file: I:\OneDrive\PROJECTS\STEF2\_EF2-GAME-SOURCE\dlls\game\Debug\work.sbr
Deleted file: I:\OneDrive\PROJECTS\STEF2\_EF2-GAME-SOURCE\dlls\game\Debug\worldspawn.sbr
Deleted file: I:\OneDrive\PROJECTS\STEF2\_EF2-GAME-SOURCE\dlls\game\Debug\_pch_cpp.sbr
Deleted file: I:\OneDrive\PROJECTS\STEF2\_EF2-GAME-SOURCE\dlls\game\Debug\actor.obj
Deleted file: I:\OneDrive\PROJECTS\STEF2\_EF2-GAME-SOURCE\dlls\game\Debug\actorgamecomponents.obj
Deleted file: I:\OneDrive\PROJECTS\STEF2\_EF2-GAME-SOURCE\dlls\game\Debug\actorstrategies.obj
Deleted file: I:\OneDrive\PROJECTS\STEF2\_EF2-GAME-SOURCE\dlls\game\Debug\actorutil.obj
Deleted file: I:\OneDrive\PROJECTS\STEF2\_EF2-GAME-SOURCE\dlls\game\Debug\actor_combatsubsystem.obj
Deleted file: I:\OneDrive\PROJECTS\STEF2\_EF2-GAME-SOURCE\dlls\game\Debug\actor_enemymanager.obj
Deleted file: I:\OneDrive\PROJECTS\STEF2\_EF2-GAME-SOURCE\dlls\game\Debug\actor_headwatcher.obj
Deleted file: I:\OneDrive\PROJECTS\STEF2\_EF2-GAME-SOURCE\dlls\game\Debug\actor_locomotion.obj
Deleted file: I:\OneDrive\PROJECTS\STEF2\_EF2-GAME-SOURCE\dlls\game\Debug\actor_posturecontroller.obj
Deleted file: I:\OneDrive\PROJECTS\STEF2\_EF2-GAME-SOURCE\dlls\game\Debug\actor_sensoryperception.obj
Deleted file: I:\OneDrive\PROJECTS\STEF2\_EF2-GAME-SOURCE\dlls\game\Debug\ai_chat.obj
Deleted file: I:\OneDrive\PROJECTS\STEF2\_EF2-GAME-SOURCE\dlls\game\Debug\ai_cmd.obj
Deleted file: I:\OneDrive\PROJECTS\STEF2\_EF2-GAME-SOURCE\dlls\game\Debug\ai_dmnet.obj
Deleted file: I:\OneDrive\PROJECTS\STEF2\_EF2-GAME-SOURCE\dlls\game\Debug\ai_dmq3.obj
Deleted file: I:\OneDrive\PROJECTS\STEF2\_EF2-GAME-SOURCE\dlls\game\Debug\ai_main.obj
Deleted file: I:\OneDrive\PROJECTS\STEF2\_EF2-GAME-SOURCE\dlls\game\Debug\ai_team.obj
Deleted file: I:\OneDrive\PROJECTS\STEF2\_EF2-GAME-SOURCE\dlls\game\Debug\ai_vcmd.obj
Deleted file: I:\OneDrive\PROJECTS\STEF2\_EF2-GAME-SOURCE\dlls\game\Debug\ammo.obj
Deleted file: I:\OneDrive\PROJECTS\STEF2\_EF2-GAME-SOURCE\dlls\game\Debug\animate.obj
Deleted file: I:\OneDrive\PROJECTS\STEF2\_EF2-GAME-SOURCE\dlls\game\Debug\api_stef2.obj
Deleted file: I:\OneDrive\PROJECTS\STEF2\_EF2-GAME-SOURCE\dlls\game\Debug\archive.obj
Deleted file: I:\OneDrive\PROJECTS\STEF2\_EF2-GAME-SOURCE\dlls\game\Debug\armor.obj
Deleted file: I:\OneDrive\PROJECTS\STEF2\_EF2-GAME-SOURCE\dlls\game\Debug\beam.obj
Deleted file: I:\OneDrive\PROJECTS\STEF2\_EF2-GAME-SOURCE\dlls\game\Debug\behavior.obj
Deleted file: I:\OneDrive\PROJECTS\STEF2\_EF2-GAME-SOURCE\dlls\game\Debug\behaviors_general.obj
Deleted file: I:\OneDrive\PROJECTS\STEF2\_EF2-GAME-SOURCE\dlls\game\Debug\behaviors_specific.obj
Deleted file: I:\OneDrive\PROJECTS\STEF2\_EF2-GAME-SOURCE\dlls\game\Debug\bg_misc.obj
Deleted file: I:\OneDrive\PROJECTS\STEF2\_EF2-GAME-SOURCE\dlls\game\Debug\bg_pmove.obj
Deleted file: I:\OneDrive\PROJECTS\STEF2\_EF2-GAME-SOURCE\dlls\game\Debug\body.obj
Deleted file: I:\OneDrive\PROJECTS\STEF2\_EF2-GAME-SOURCE\dlls\game\Debug\bspline.obj
Deleted file: I:\OneDrive\PROJECTS\STEF2\_EF2-GAME-SOURCE\dlls\game\Debug\camera.obj
Deleted file: I:\OneDrive\PROJECTS\STEF2\_EF2-GAME-SOURCE\dlls\game\Debug\CameraPath.obj
Deleted file: I:\OneDrive\PROJECTS\STEF2\_EF2-GAME-SOURCE\dlls\game\Debug\changePosture.obj
Deleted file: I:\OneDrive\PROJECTS\STEF2\_EF2-GAME-SOURCE\dlls\game\Debug\characterstate.obj
Deleted file: I:\OneDrive\PROJECTS\STEF2\_EF2-GAME-SOURCE\dlls\game\Debug\CinematicArmature.obj
Deleted file: I:\OneDrive\PROJECTS\STEF2\_EF2-GAME-SOURCE\dlls\game\Debug\class.obj
Deleted file: I:\OneDrive\PROJECTS\STEF2\_EF2-GAME-SOURCE\dlls\game\Debug\closeInOnEnemy.obj
Deleted file: I:\OneDrive\PROJECTS\STEF2\_EF2-GAME-SOURCE\dlls\game\Debug\closeInOnEnemyWhileFiringWeapon.obj
Deleted file: I:\OneDrive\PROJECTS\STEF2\_EF2-GAME-SOURCE\dlls\game\Debug\closeInOnPlayer.obj
Deleted file: I:\OneDrive\PROJECTS\STEF2\_EF2-GAME-SOURCE\dlls\game\Debug\compiler.obj
Deleted file: I:\OneDrive\PROJECTS\STEF2\_EF2-GAME-SOURCE\dlls\game\Debug\corridorCombatWithRangedWeapon.obj
Deleted file: I:\OneDrive\PROJECTS\STEF2\_EF2-GAME-SOURCE\dlls\game\Debug\coverCombatWithRangedWeapon.obj
Deleted file: I:\OneDrive\PROJECTS\STEF2\_EF2-GAME-SOURCE\dlls\game\Debug\DamageModification.obj
Deleted file: I:\OneDrive\PROJECTS\STEF2\_EF2-GAME-SOURCE\dlls\game\Debug\debuglines.obj
Deleted file: I:\OneDrive\PROJECTS\STEF2\_EF2-GAME-SOURCE\dlls\game\Debug\decals.obj
Deleted file: I:\OneDrive\PROJECTS\STEF2\_EF2-GAME-SOURCE\dlls\game\Debug\dispenser.obj
Deleted file: I:\OneDrive\PROJECTS\STEF2\_EF2-GAME-SOURCE\dlls\game\Debug\doAttack.obj
Deleted file: I:\OneDrive\PROJECTS\STEF2\_EF2-GAME-SOURCE\dlls\game\Debug\doors.obj
Deleted file: I:\OneDrive\PROJECTS\STEF2\_EF2-GAME-SOURCE\dlls\game\Debug\earthquake.obj
Deleted file: I:\OneDrive\PROJECTS\STEF2\_EF2-GAME-SOURCE\dlls\game\Debug\entity.obj
Deleted file: I:\OneDrive\PROJECTS\STEF2\_EF2-GAME-SOURCE\dlls\game\Debug\equipment.obj
Deleted file: I:\OneDrive\PROJECTS\STEF2\_EF2-GAME-SOURCE\dlls\game\Debug\explosion.obj
Deleted file: I:\OneDrive\PROJECTS\STEF2\_EF2-GAME-SOURCE\dlls\game\Debug\FollowPath.obj
Deleted file: I:\OneDrive\PROJECTS\STEF2\_EF2-GAME-SOURCE\dlls\game\Debug\FollowPathToEntity.obj
Deleted file: I:\OneDrive\PROJECTS\STEF2\_EF2-GAME-SOURCE\dlls\game\Debug\FollowPathToPoint.obj
Deleted file: I:\OneDrive\PROJECTS\STEF2\_EF2-GAME-SOURCE\dlls\game\Debug\game.obj
Deleted file: I:\OneDrive\PROJECTS\STEF2\_EF2-GAME-SOURCE\dlls\game\Debug\gamecmds.obj
Deleted file: I:\OneDrive\PROJECTS\STEF2\_EF2-GAME-SOURCE\dlls\game\Debug\gamecvars.obj
Deleted file: I:\OneDrive\PROJECTS\STEF2\_EF2-GAME-SOURCE\dlls\game\Debug\gamefix.obj
Deleted file: I:\OneDrive\PROJECTS\STEF2\_EF2-GAME-SOURCE\dlls\game\Debug\gameplaydatabase.obj
Deleted file: I:\OneDrive\PROJECTS\STEF2\_EF2-GAME-SOURCE\dlls\game\Debug\gameplayformulamanager.obj
Deleted file: I:\OneDrive\PROJECTS\STEF2\_EF2-GAME-SOURCE\dlls\game\Debug\gameplaymanager.obj
Deleted file: I:\OneDrive\PROJECTS\STEF2\_EF2-GAME-SOURCE\dlls\game\Debug\gamescript.obj
Deleted file: I:\OneDrive\PROJECTS\STEF2\_EF2-GAME-SOURCE\dlls\game\Debug\generalCombatWithMeleeWeapon.obj
Deleted file: I:\OneDrive\PROJECTS\STEF2\_EF2-GAME-SOURCE\dlls\game\Debug\generalCombatWithRangedWeapon.obj
Deleted file: I:\OneDrive\PROJECTS\STEF2\_EF2-GAME-SOURCE\dlls\game\Debug\gibs.obj
Deleted file: I:\OneDrive\PROJECTS\STEF2\_EF2-GAME-SOURCE\dlls\game\Debug\globalcmd.obj
Deleted file: I:\OneDrive\PROJECTS\STEF2\_EF2-GAME-SOURCE\dlls\game\Debug\GoDirectlyToPoint.obj
Deleted file: I:\OneDrive\PROJECTS\STEF2\_EF2-GAME-SOURCE\dlls\game\Debug\goo.obj
Deleted file: I:\OneDrive\PROJECTS\STEF2\_EF2-GAME-SOURCE\dlls\game\Debug\gotoCurrentHelperNode.obj
Deleted file: I:\OneDrive\PROJECTS\STEF2\_EF2-GAME-SOURCE\dlls\game\Debug\gotoHelperNode.obj
Deleted file: I:\OneDrive\PROJECTS\STEF2\_EF2-GAME-SOURCE\dlls\game\Debug\gotoHelperNodeEX.obj
Deleted file: I:\OneDrive\PROJECTS\STEF2\_EF2-GAME-SOURCE\dlls\game\Debug\gotoHelperNodeNearestEnemy.obj
Deleted file: I:\OneDrive\PROJECTS\STEF2\_EF2-GAME-SOURCE\dlls\game\Debug\gravpath.obj
Deleted file: I:\OneDrive\PROJECTS\STEF2\_EF2-GAME-SOURCE\dlls\game\Debug\groupcoordinator.obj
Deleted file: I:\OneDrive\PROJECTS\STEF2\_EF2-GAME-SOURCE\dlls\game\Debug\g_bot.obj
Deleted file: I:\OneDrive\PROJECTS\STEF2\_EF2-GAME-SOURCE\dlls\game\Debug\g_main.obj
Deleted file: I:\OneDrive\PROJECTS\STEF2\_EF2-GAME-SOURCE\dlls\game\Debug\g_phys.obj
Deleted file: I:\OneDrive\PROJECTS\STEF2\_EF2-GAME-SOURCE\dlls\game\Debug\g_spawn.obj
Deleted file: I:\OneDrive\PROJECTS\STEF2\_EF2-GAME-SOURCE\dlls\game\Debug\g_utils.obj
Deleted file: I:\OneDrive\PROJECTS\STEF2\_EF2-GAME-SOURCE\dlls\game\Debug\healGroupMember.obj
Deleted file: I:\OneDrive\PROJECTS\STEF2\_EF2-GAME-SOURCE\dlls\game\Debug\health.obj
Deleted file: I:\OneDrive\PROJECTS\STEF2\_EF2-GAME-SOURCE\dlls\game\Debug\helper_node.obj
Deleted file: I:\OneDrive\PROJECTS\STEF2\_EF2-GAME-SOURCE\dlls\game\Debug\holdPosition.obj
Deleted file: I:\OneDrive\PROJECTS\STEF2\_EF2-GAME-SOURCE\dlls\game\Debug\interpreter.obj
Deleted file: I:\OneDrive\PROJECTS\STEF2\_EF2-GAME-SOURCE\dlls\game\Debug\inventoryitem.obj
Deleted file: I:\OneDrive\PROJECTS\STEF2\_EF2-GAME-SOURCE\dlls\game\Debug\ipfilter.obj
Deleted file: I:\OneDrive\PROJECTS\STEF2\_EF2-GAME-SOURCE\dlls\game\Debug\item.obj
Deleted file: I:\OneDrive\PROJECTS\STEF2\_EF2-GAME-SOURCE\dlls\game\Debug\level.obj
Deleted file: I:\OneDrive\PROJECTS\STEF2\_EF2-GAME-SOURCE\dlls\game\Debug\lexer.obj
Deleted file: I:\OneDrive\PROJECTS\STEF2\_EF2-GAME-SOURCE\dlls\game\Debug\light.obj
Deleted file: I:\OneDrive\PROJECTS\STEF2\_EF2-GAME-SOURCE\dlls\game\Debug\listener.obj
Deleted file: I:\OneDrive\PROJECTS\STEF2\_EF2-GAME-SOURCE\dlls\game\Debug\misc.obj
Deleted file: I:\OneDrive\PROJECTS\STEF2\_EF2-GAME-SOURCE\dlls\game\Debug\mover.obj
Deleted file: I:\OneDrive\PROJECTS\STEF2\_EF2-GAME-SOURCE\dlls\game\Debug\MoveRandomDirection.obj
Deleted file: I:\OneDrive\PROJECTS\STEF2\_EF2-GAME-SOURCE\dlls\game\Debug\mp_awardsystem.obj
Deleted file: I:\OneDrive\PROJECTS\STEF2\_EF2-GAME-SOURCE\dlls\game\Debug\mp_manager.obj
Deleted file: I:\OneDrive\PROJECTS\STEF2\_EF2-GAME-SOURCE\dlls\game\Debug\mp_modeBase.obj
Deleted file: I:\OneDrive\PROJECTS\STEF2\_EF2-GAME-SOURCE\dlls\game\Debug\mp_modeCtf.obj
Deleted file: I:\OneDrive\PROJECTS\STEF2\_EF2-GAME-SOURCE\dlls\game\Debug\mp_modeDm.obj
Deleted file: I:\OneDrive\PROJECTS\STEF2\_EF2-GAME-SOURCE\dlls\game\Debug\mp_modeTeamBase.obj
Deleted file: I:\OneDrive\PROJECTS\STEF2\_EF2-GAME-SOURCE\dlls\game\Debug\mp_modeTeamDm.obj
Deleted file: I:\OneDrive\PROJECTS\STEF2\_EF2-GAME-SOURCE\dlls\game\Debug\mp_modifiers.obj
Deleted file: I:\OneDrive\PROJECTS\STEF2\_EF2-GAME-SOURCE\dlls\game\Debug\mp_team.obj
Deleted file: I:\OneDrive\PROJECTS\STEF2\_EF2-GAME-SOURCE\dlls\game\Debug\nature.obj
Deleted file: I:\OneDrive\PROJECTS\STEF2\_EF2-GAME-SOURCE\dlls\game\Debug\navigate.obj
Deleted file: I:\OneDrive\PROJECTS\STEF2\_EF2-GAME-SOURCE\dlls\game\Debug\object.obj
Deleted file: I:\OneDrive\PROJECTS\STEF2\_EF2-GAME-SOURCE\dlls\game\Debug\output.obj
Deleted file: I:\OneDrive\PROJECTS\STEF2\_EF2-GAME-SOURCE\dlls\game\Debug\path.obj
Deleted file: I:\OneDrive\PROJECTS\STEF2\_EF2-GAME-SOURCE\dlls\game\Debug\patrol.obj
Deleted file: I:\OneDrive\PROJECTS\STEF2\_EF2-GAME-SOURCE\dlls\game\Debug\PlayAnim.obj
Deleted file: I:\OneDrive\PROJECTS\STEF2\_EF2-GAME-SOURCE\dlls\game\Debug\player.obj
Deleted file: I:\OneDrive\PROJECTS\STEF2\_EF2-GAME-SOURCE\dlls\game\Debug\playerheuristics.obj
Deleted file: I:\OneDrive\PROJECTS\STEF2\_EF2-GAME-SOURCE\dlls\game\Debug\PlayerStart.obj
Deleted file: I:\OneDrive\PROJECTS\STEF2\_EF2-GAME-SOURCE\dlls\game\Debug\player_combat.obj
Deleted file: I:\OneDrive\PROJECTS\STEF2\_EF2-GAME-SOURCE\dlls\game\Debug\player_util.obj
Deleted file: I:\OneDrive\PROJECTS\STEF2\_EF2-GAME-SOURCE\dlls\game\Debug\portal.obj
Deleted file: I:\OneDrive\PROJECTS\STEF2\_EF2-GAME-SOURCE\dlls\game\Debug\powerups.obj
Deleted file: I:\OneDrive\PROJECTS\STEF2\_EF2-GAME-SOURCE\dlls\game\Debug\program.obj
Deleted file: I:\OneDrive\PROJECTS\STEF2\_EF2-GAME-SOURCE\dlls\game\Debug\puzzleobject.obj
Deleted file: I:\OneDrive\PROJECTS\STEF2\_EF2-GAME-SOURCE\dlls\game\Debug\q_math.obj
Deleted file: I:\OneDrive\PROJECTS\STEF2\_EF2-GAME-SOURCE\dlls\game\Debug\q_mathsys.obj
Deleted file: I:\OneDrive\PROJECTS\STEF2\_EF2-GAME-SOURCE\dlls\game\Debug\q_shared.obj
Deleted file: I:\OneDrive\PROJECTS\STEF2\_EF2-GAME-SOURCE\dlls\game\Debug\RageAI.obj
Deleted file: I:\OneDrive\PROJECTS\STEF2\_EF2-GAME-SOURCE\dlls\game\Debug\rangedCombatWithWeapon.obj
Deleted file: I:\OneDrive\PROJECTS\STEF2\_EF2-GAME-SOURCE\dlls\game\Debug\rotateToEntity.obj
Deleted file: I:\OneDrive\PROJECTS\STEF2\_EF2-GAME-SOURCE\dlls\game\Debug\script.obj
Deleted file: I:\OneDrive\PROJECTS\STEF2\_EF2-GAME-SOURCE\dlls\game\Debug\scriptmaster.obj
Deleted file: I:\OneDrive\PROJECTS\STEF2\_EF2-GAME-SOURCE\dlls\game\Debug\scriptslave.obj
Deleted file: I:\OneDrive\PROJECTS\STEF2\_EF2-GAME-SOURCE\dlls\game\Debug\scriptvariable.obj
Deleted file: I:\OneDrive\PROJECTS\STEF2\_EF2-GAME-SOURCE\dlls\game\Debug\selectBestWeapon.obj
Deleted file: I:\OneDrive\PROJECTS\STEF2\_EF2-GAME-SOURCE\dlls\game\Debug\sentient.obj
Deleted file: I:\OneDrive\PROJECTS\STEF2\_EF2-GAME-SOURCE\dlls\game\Debug\shrapnelbomb.obj
Deleted file: I:\OneDrive\PROJECTS\STEF2\_EF2-GAME-SOURCE\dlls\game\Debug\snipeEnemy.obj
Deleted file: I:\OneDrive\PROJECTS\STEF2\_EF2-GAME-SOURCE\dlls\game\Debug\soundman.obj
Deleted file: I:\OneDrive\PROJECTS\STEF2\_EF2-GAME-SOURCE\dlls\game\Debug\spawners.obj
Deleted file: I:\OneDrive\PROJECTS\STEF2\_EF2-GAME-SOURCE\dlls\game\Debug\specialfx.obj
Deleted file: I:\OneDrive\PROJECTS\STEF2\_EF2-GAME-SOURCE\dlls\game\Debug\stationaryFireCombat.obj
Deleted file: I:\OneDrive\PROJECTS\STEF2\_EF2-GAME-SOURCE\dlls\game\Debug\stationaryFireCombatEX.obj
Deleted file: I:\OneDrive\PROJECTS\STEF2\_EF2-GAME-SOURCE\dlls\game\Debug\stationaryvehicle.obj
Deleted file: I:\OneDrive\PROJECTS\STEF2\_EF2-GAME-SOURCE\dlls\game\Debug\steering.obj
Deleted file: I:\OneDrive\PROJECTS\STEF2\_EF2-GAME-SOURCE\dlls\game\Debug\str.obj
Deleted file: I:\OneDrive\PROJECTS\STEF2\_EF2-GAME-SOURCE\dlls\game\Debug\suppressionFireCombat.obj
Deleted file: I:\OneDrive\PROJECTS\STEF2\_EF2-GAME-SOURCE\dlls\game\Debug\talk.obj
Deleted file: I:\OneDrive\PROJECTS\STEF2\_EF2-GAME-SOURCE\dlls\game\Debug\teammateroster.obj
Deleted file: I:\OneDrive\PROJECTS\STEF2\_EF2-GAME-SOURCE\dlls\game\Debug\teleportToEntity.obj
Deleted file: I:\OneDrive\PROJECTS\STEF2\_EF2-GAME-SOURCE\dlls\game\Debug\teleportToPosition.obj
Deleted file: I:\OneDrive\PROJECTS\STEF2\_EF2-GAME-SOURCE\dlls\game\Debug\torsoAimAndFireWeapon.obj
Deleted file: I:\OneDrive\PROJECTS\STEF2\_EF2-GAME-SOURCE\dlls\game\Debug\trigger.obj
Deleted file: I:\OneDrive\PROJECTS\STEF2\_EF2-GAME-SOURCE\dlls\game\Debug\useAlarm.obj
Deleted file: I:\OneDrive\PROJECTS\STEF2\_EF2-GAME-SOURCE\dlls\game\Debug\UseData.obj
Deleted file: I:\OneDrive\PROJECTS\STEF2\_EF2-GAME-SOURCE\dlls\game\Debug\vehicle.obj
Deleted file: I:\OneDrive\PROJECTS\STEF2\_EF2-GAME-SOURCE\dlls\game\Debug\viewthing.obj
Deleted file: I:\OneDrive\PROJECTS\STEF2\_EF2-GAME-SOURCE\dlls\game\Debug\watchEntity.obj
Deleted file: I:\OneDrive\PROJECTS\STEF2\_EF2-GAME-SOURCE\dlls\game\Debug\watchEntityEX.obj
Deleted file: I:\OneDrive\PROJECTS\STEF2\_EF2-GAME-SOURCE\dlls\game\Debug\waypoints.obj
Deleted file: I:\OneDrive\PROJECTS\STEF2\_EF2-GAME-SOURCE\dlls\game\Debug\weapon.obj
Deleted file: I:\OneDrive\PROJECTS\STEF2\_EF2-GAME-SOURCE\dlls\game\Debug\WeaponDualWield.obj
Deleted file: I:\OneDrive\PROJECTS\STEF2\_EF2-GAME-SOURCE\dlls\game\Debug\weaputils.obj
Deleted file: I:\OneDrive\PROJECTS\STEF2\_EF2-GAME-SOURCE\dlls\game\Debug\win_bounds.obj
Deleted file: I:\OneDrive\PROJECTS\STEF2\_EF2-GAME-SOURCE\dlls\game\Debug\work.obj
Deleted file: I:\OneDrive\PROJECTS\STEF2\_EF2-GAME-SOURCE\dlls\game\Debug\worldspawn.obj
Deleted file: I:\OneDrive\PROJECTS\STEF2\_EF2-GAME-SOURCE\dlls\game\Debug\_pch_cpp.obj
Deleted file: I:\OneDrive\PROJECTS\STEF2\_EF2-GAME-SOURCE\dlls\game\Debug\game.pch
Deleted file: I:\OneDrive\PROJECTS\STEF2\_EF2-GAME-SOURCE\dlls\game\Debug\vc143.pdb
Deleted directory: I:\OneDrive\PROJECTS\STEF2\_EF2-GAME-SOURCE\dlls\game\Debug\game.tlog
Deleted file: I:\OneDrive\PROJECTS\STEF2\_EF2-GAME-SOURCE\dlls\game\Debug\game.dll.recipe
Deleted file: I:\OneDrive\PROJECTS\STEF2\_EF2-GAME-SOURCE\dlls\game\Debug\game.ilk

[I:\OneDrive\PROJECTS\STEF2\_EF2-GAME-SOURCE\Executable]
Deleted directory: I:\OneDrive\PROJECTS\STEF2\_EF2-GAME-SOURCE\Executable\Debug

[I:\OneDrive\PROJECTS\STEF2\_EF2-GAME-SOURCE\Executable\Debug]
Deleted file: I:\OneDrive\PROJECTS\STEF2\_EF2-GAME-SOURCE\Executable\Debug\game.bsc

Deleted files: 335
Deleted directories: 5
